{"level":"error","message":"Audit logging failed: column \"userId\" of relation \"AuditLogs\" does not exist","timestamp":"2025-05-24T13:16:06.117Z"}
{"level":"error","message":"Audit logging failed: column \"userId\" of relation \"AuditLogs\" does not exist","timestamp":"2025-05-24T13:18:12.846Z"}
{"level":"error","message":"Audit logging failed: column \"userId\" of relation \"AuditLogs\" does not exist","timestamp":"2025-05-24T13:24:27.817Z"}
{"level":"error","message":"Audit logging failed: column \"userId\" of relation \"AuditLogs\" does not exist","timestamp":"2025-05-24T13:25:05.103Z"}
{"level":"error","message":"Audit logging failed: column \"userId\" of relation \"AuditLogs\" does not exist","timestamp":"2025-05-24T13:25:49.084Z"}
{"level":"error","message":"Audit logging failed: column \"userId\" of relation \"AuditLogs\" does not exist","timestamp":"2025-05-24T13:27:17.263Z"}
{"level":"error","message":"Audit logging failed: column \"userId\" of relation \"AuditLogs\" does not exist","timestamp":"2025-05-24T13:31:58.793Z"}
{"level":"error","message":"Audit logging failed: column \"userId\" of relation \"AuditLogs\" does not exist","timestamp":"2025-05-24T13:33:16.945Z"}
{"level":"error","message":"400 - Expected double-quoted property name in JSON at position 58 - /auth/login - POST - ::1","timestamp":"2025-05-24T13:34:10.819Z"}
{"level":"error","message":"Audit logging failed: column \"userId\" of relation \"AuditLogs\" does not exist","timestamp":"2025-05-24T13:34:23.838Z"}
{"level":"error","message":"Audit logging failed: column \"userId\" of relation \"AuditLogs\" does not exist","timestamp":"2025-05-24T13:35:07.180Z"}
{"level":"error","message":"Audit logging failed: column \"userId\" of relation \"AuditLogs\" does not exist","timestamp":"2025-05-24T13:37:09.104Z"}
{"level":"error","message":"Audit logging failed: column \"userId\" of relation \"AuditLogs\" does not exist","timestamp":"2025-05-24T13:39:32.801Z"}
{"level":"error","message":"Audit logging failed: column \"userId\" of relation \"AuditLogs\" does not exist","timestamp":"2025-05-24T13:41:16.365Z"}
{"level":"error","message":"Audit logging failed: column \"userId\" of relation \"AuditLogs\" does not exist","timestamp":"2025-05-24T13:42:03.356Z"}
{"level":"error","message":"Audit logging failed: column \"userId\" of relation \"AuditLogs\" does not exist","timestamp":"2025-05-24T13:44:02.219Z"}
{"level":"error","message":"Audit logging failed: column \"userId\" of relation \"AuditLogs\" does not exist","timestamp":"2025-05-24T13:46:41.973Z"}
{"level":"error","message":"Audit logging failed: column \"userId\" of relation \"AuditLogs\" does not exist","timestamp":"2025-05-24T13:55:30.895Z"}
{"level":"error","message":"Audit logging failed: column \"userId\" of relation \"AuditLogs\" does not exist","timestamp":"2025-05-24T13:56:41.087Z"}
{"level":"error","message":"Audit logging failed: column \"userId\" of relation \"AuditLogs\" does not exist","timestamp":"2025-05-24T14:00:01.542Z"}
{"level":"error","message":"Audit logging failed: column \"userId\" of relation \"AuditLogs\" does not exist","timestamp":"2025-05-24T14:02:42.505Z"}
{"level":"error","message":"Audit logging failed: column \"userId\" of relation \"AuditLogs\" does not exist","timestamp":"2025-05-24T14:04:58.494Z"}
{"level":"error","message":"Audit logging failed: column \"userId\" of relation \"AuditLogs\" does not exist","timestamp":"2025-05-24T14:07:47.425Z"}
{"level":"error","message":"Audit logging failed: column \"userId\" of relation \"AuditLogs\" does not exist","timestamp":"2025-05-24T14:11:08.103Z"}
{"level":"error","message":"Audit logging failed: column \"userId\" of relation \"AuditLogs\" does not exist","timestamp":"2025-05-24T14:12:54.034Z"}
{"level":"error","message":"Audit logging failed: column \"userId\" of relation \"AuditLogs\" does not exist","timestamp":"2025-05-24T14:15:41.797Z"}
{"level":"error","message":"Audit logging failed: column \"userId\" of relation \"AuditLogs\" does not exist","timestamp":"2025-05-24T14:17:59.297Z"}
{"level":"error","message":"Audit logging failed: column \"userId\" of relation \"AuditLogs\" does not exist","timestamp":"2025-05-24T14:18:14.211Z"}
{"level":"error","message":"Audit logging failed: column \"userId\" of relation \"AuditLogs\" does not exist","timestamp":"2025-05-24T14:19:22.764Z"}
{"level":"error","message":"400 - Expected double-quoted property name in JSON at position 60 - /auth/login - POST - ::1","timestamp":"2025-05-24T14:19:39.082Z"}
{"level":"error","message":"Audit logging failed: column \"userId\" of relation \"AuditLogs\" does not exist","timestamp":"2025-05-24T14:19:49.608Z"}
{"level":"error","message":"Audit logging failed: column \"userId\" of relation \"AuditLogs\" does not exist","timestamp":"2025-05-24T14:20:11.597Z"}
{"level":"error","message":"Audit logging failed: column \"userId\" of relation \"AuditLogs\" does not exist","timestamp":"2025-05-24T14:20:43.417Z"}
{"level":"error","message":"Audit logging failed: column \"userId\" of relation \"AuditLogs\" does not exist","timestamp":"2025-05-24T14:21:07.944Z"}
{"level":"error","message":"Audit logging failed: column \"userId\" of relation \"AuditLogs\" does not exist","timestamp":"2025-05-24T14:22:46.819Z"}
{"level":"error","message":"Audit logging failed: column \"userId\" of relation \"AuditLogs\" does not exist","timestamp":"2025-05-24T14:22:54.585Z"}
{"level":"error","message":"Audit logging failed: column \"userId\" of relation \"AuditLogs\" does not exist","timestamp":"2025-05-24T14:24:04.252Z"}
{"level":"error","message":"Audit logging failed: column \"userId\" of relation \"AuditLogs\" does not exist","timestamp":"2025-05-24T14:25:59.764Z"}
{"level":"error","message":"Audit logging failed: column \"userId\" of relation \"AuditLogs\" does not exist","timestamp":"2025-05-24T14:28:53.481Z"}
{"level":"error","message":"Audit logging failed: column \"userId\" of relation \"AuditLogs\" does not exist","timestamp":"2025-05-24T14:33:00.460Z"}
{"level":"error","message":"Audit logging failed: column \"userId\" of relation \"AuditLogs\" does not exist","timestamp":"2025-05-24T14:33:19.887Z"}
{"level":"error","message":"Audit logging failed: column \"userId\" of relation \"AuditLogs\" does not exist","timestamp":"2025-05-24T14:34:02.924Z"}
{"level":"error","message":"Audit logging failed: column \"userId\" of relation \"AuditLogs\" does not exist","timestamp":"2025-05-24T14:36:20.369Z"}
{"level":"error","message":"Audit logging failed: column \"userId\" of relation \"AuditLogs\" does not exist","timestamp":"2025-05-24T14:38:28.228Z"}
{"level":"error","message":"Audit logging failed: column \"userId\" of relation \"AuditLogs\" does not exist","timestamp":"2025-05-24T14:38:50.216Z"}
{"level":"error","message":"Audit logging failed: column \"userId\" of relation \"AuditLogs\" does not exist","timestamp":"2025-05-24T14:39:45.983Z"}
{"level":"error","message":"Audit logging failed: column \"userId\" of relation \"AuditLogs\" does not exist","timestamp":"2025-05-24T14:39:55.828Z"}
{"level":"error","message":"Audit logging failed: column \"userId\" of relation \"AuditLogs\" does not exist","timestamp":"2025-05-24T14:40:31.714Z"}
{"level":"error","message":"Audit logging failed: column \"userId\" of relation \"AuditLogs\" does not exist","timestamp":"2025-05-24T14:40:54.979Z"}
{"level":"error","message":"Audit logging failed: column \"userId\" of relation \"AuditLogs\" does not exist","timestamp":"2025-05-24T14:44:21.077Z"}
{"level":"error","message":"Audit logging failed: column \"userId\" of relation \"AuditLogs\" does not exist","timestamp":"2025-05-24T14:44:46.147Z"}
{"level":"error","message":"Audit logging failed: column \"userId\" of relation \"AuditLogs\" does not exist","timestamp":"2025-05-24T14:45:34.400Z"}
{"level":"error","message":"Audit logging failed: column \"userId\" of relation \"AuditLogs\" does not exist","timestamp":"2025-05-24T14:46:09.313Z"}
{"level":"error","message":"Audit logging failed: column \"userId\" of relation \"AuditLogs\" does not exist","timestamp":"2025-05-24T14:46:29.678Z"}
{"level":"error","message":"Audit logging failed: column \"userId\" of relation \"AuditLogs\" does not exist","timestamp":"2025-05-24T15:32:19.895Z"}
{"level":"error","message":"Audit logging failed: column \"userId\" of relation \"AuditLogs\" does not exist","timestamp":"2025-05-24T15:33:42.007Z"}
{"level":"error","message":"Audit logging failed: column \"userId\" of relation \"AuditLogs\" does not exist","timestamp":"2025-05-24T15:37:01.799Z"}
{"level":"error","message":"Audit logging failed: column \"userId\" of relation \"AuditLogs\" does not exist","timestamp":"2025-05-24T15:37:23.621Z"}
{"level":"error","message":"Audit logging failed: column \"userId\" of relation \"AuditLogs\" does not exist","timestamp":"2025-05-24T15:42:07.400Z"}
{"level":"error","message":"Audit logging failed: column \"userId\" of relation \"AuditLogs\" does not exist","timestamp":"2025-05-24T15:42:25.173Z"}
{"level":"error","message":"Audit logging failed: column \"userId\" of relation \"AuditLogs\" does not exist","timestamp":"2025-05-24T15:44:14.045Z"}
{"level":"error","message":"Audit logging failed: column \"userId\" of relation \"AuditLogs\" does not exist","timestamp":"2025-05-24T15:44:27.296Z"}
{"level":"error","message":"Audit logging failed: column \"userId\" of relation \"AuditLogs\" does not exist","timestamp":"2025-05-24T15:45:44.698Z"}
{"level":"error","message":"Asset creation error: column \"quantity\" of relation \"Assets\" does not exist","timestamp":"2025-05-24T15:46:01.411Z"}
{"level":"error","message":"Audit logging failed: column \"userId\" of relation \"AuditLogs\" does not exist","timestamp":"2025-05-24T15:46:01.649Z"}
{"level":"error","message":"Asset creation error: column \"quantity\" of relation \"Assets\" does not exist","timestamp":"2025-05-24T15:46:45.329Z"}
{"level":"error","message":"Audit logging failed: column \"userId\" of relation \"AuditLogs\" does not exist","timestamp":"2025-05-24T15:46:45.594Z"}
{"level":"error","message":"Asset creation error: column \"quantity\" of relation \"Assets\" does not exist","timestamp":"2025-05-24T15:48:06.327Z"}
{"level":"error","message":"Audit logging failed: column \"userId\" of relation \"AuditLogs\" does not exist","timestamp":"2025-05-24T15:48:06.564Z"}
{"level":"error","message":"Asset creation error: column \"quantity\" of relation \"Assets\" does not exist","timestamp":"2025-05-24T15:48:25.630Z"}
{"level":"error","message":"Audit logging failed: column \"userId\" of relation \"AuditLogs\" does not exist","timestamp":"2025-05-24T15:48:25.859Z"}
{"level":"error","message":"Audit logging failed: column \"userId\" of relation \"AuditLogs\" does not exist","timestamp":"2025-05-24T15:52:10.347Z"}
{"level":"error","message":"Asset creation error: column \"baseId\" of relation \"Assets\" does not exist","timestamp":"2025-05-24T15:52:25.460Z"}
{"level":"error","message":"Audit logging failed: column \"userId\" of relation \"AuditLogs\" does not exist","timestamp":"2025-05-24T15:52:25.692Z"}
{"level":"error","message":"Asset creation error: column \"baseId\" of relation \"Assets\" does not exist","timestamp":"2025-05-24T15:52:35.313Z"}
{"level":"error","message":"Audit logging failed: column \"userId\" of relation \"AuditLogs\" does not exist","timestamp":"2025-05-24T15:52:35.546Z"}
{"level":"error","message":"Asset creation error: column \"baseId\" of relation \"Assets\" does not exist","timestamp":"2025-05-24T15:53:02.034Z"}
{"level":"error","message":"Audit logging failed: column \"userId\" of relation \"AuditLogs\" does not exist","timestamp":"2025-05-24T15:53:02.267Z"}
{"level":"error","message":"Audit logging failed: column \"userId\" of relation \"AuditLogs\" does not exist","timestamp":"2025-05-24T16:03:23.106Z"}
{"level":"error","message":"Asset creation error: invalid input syntax for type integer: \"7b7ea718-2d64-4ed3-9f07-5e1287bf0dfe\"","timestamp":"2025-05-24T16:03:37.917Z"}
{"level":"error","message":"Audit logging failed: column \"userId\" of relation \"AuditLogs\" does not exist","timestamp":"2025-05-24T16:03:38.147Z"}
{"level":"error","message":"Asset creation error: invalid input syntax for type integer: \"b9372bb6-8161-4a23-9b1c-230998a3fbea\"","timestamp":"2025-05-24T16:04:07.969Z"}
{"level":"error","message":"Audit logging failed: column \"userId\" of relation \"AuditLogs\" does not exist","timestamp":"2025-05-24T16:04:08.197Z"}
{"level":"error","message":"Audit logging failed: column \"userId\" of relation \"AuditLogs\" does not exist","timestamp":"2025-05-24T16:05:43.391Z"}
{"level":"error","message":"Asset creation error: invalid input syntax for type integer: \"7677716a-46b7-4f59-ae56-e9aefa71e44e\"","timestamp":"2025-05-24T16:06:14.073Z"}
{"level":"error","message":"Audit logging failed: column \"userId\" of relation \"AuditLogs\" does not exist","timestamp":"2025-05-24T16:06:14.304Z"}
{"level":"error","message":"Audit logging failed: column \"userId\" of relation \"AuditLogs\" does not exist","timestamp":"2025-05-24T16:09:50.036Z"}
{"level":"error","message":"Asset creation error: invalid input syntax for type integer: \"dcddd227-1e63-4769-9598-23ea2da2756c\"","timestamp":"2025-05-24T16:10:03.394Z"}
{"level":"error","message":"Audit logging failed: column \"userId\" of relation \"AuditLogs\" does not exist","timestamp":"2025-05-24T16:10:03.626Z"}
{"level":"error","message":"Audit logging failed: column \"userId\" of relation \"AuditLogs\" does not exist","timestamp":"2025-05-24T16:14:50.577Z"}
{"level":"error","message":"Asset creation error: invalid input syntax for type integer: \"323fc1d1-b6b9-47c7-9bab-524987031442\"","timestamp":"2025-05-24T16:15:06.739Z"}
{"level":"error","message":"Audit logging failed: column \"userId\" of relation \"AuditLogs\" does not exist","timestamp":"2025-05-24T16:15:07.050Z"}
{"level":"error","message":"Audit logging failed: notNull Violation: AuditLog.endpoint cannot be null,\nnotNull Violation: AuditLog.method cannot be null","timestamp":"2025-05-24T17:24:45.962Z"}
{"level":"info","message":"Audit logged: POST /register - 201","timestamp":"2025-05-24T17:36:06.590Z"}
{"level":"error","message":"400 - Expected double-quoted property name in JSON at position 66 - /auth/login - POST - ::1","timestamp":"2025-05-24T17:36:37.999Z"}
{"level":"info","message":"Audit logged: POST /login - 200","timestamp":"2025-05-24T17:36:47.322Z"}
{"level":"info","message":"Audit logged: POST / - 403","timestamp":"2025-05-24T17:38:08.510Z"}
{"level":"info","message":"Audit logged: GET / - 200","timestamp":"2025-05-24T17:40:06.737Z"}
{"level":"info","message":"Audit logged: GET /1 - 403","timestamp":"2025-05-24T17:40:22.193Z"}
{"level":"info","message":"Audit logged: POST / - 403","timestamp":"2025-05-24T17:41:42.110Z"}
{"level":"info","message":"Audit logged: POST /login - 200","timestamp":"2025-05-24T17:42:30.478Z"}
{"level":"error","message":"Asset creation error: Validation error","timestamp":"2025-05-24T17:42:44.043Z"}
{"level":"info","message":"Audit logged: POST / - 500","timestamp":"2025-05-24T17:42:44.842Z"}
{"level":"info","message":"Audit logged: POST /login - 200","timestamp":"2025-05-24T17:44:51.281Z"}
{"level":"error","message":"Asset creation error: Error\n    at Query.run (C:\\Users\\KSHIT\\OneDrive\\Desktop\\test\\node_modules\\sequelize\\lib\\dialects\\postgres\\query.js:50:25)\n    at C:\\Users\\KSHIT\\OneDrive\\Desktop\\test\\node_modules\\sequelize\\lib\\sequelize.js:315:28\n    at process.processTicksAndRejections (node:internal/process/task_queues:95:5)\n    at async PostgresQueryInterface.insert (C:\\Users\\KSHIT\\OneDrive\\Desktop\\test\\node_modules\\sequelize\\lib\\dialects\\abstract\\query-interface.js:308:21)\n    at async model.save (C:\\Users\\KSHIT\\OneDrive\\Desktop\\test\\node_modules\\sequelize\\lib\\model.js:2490:35)\n    at async Asset.create (C:\\Users\\KSHIT\\OneDrive\\Desktop\\test\\node_modules\\sequelize\\lib\\model.js:1362:12)\n    at async createAsset (C:\\Users\\KSHIT\\OneDrive\\Desktop\\test\\controllers\\asset.controller.js:28:19)","timestamp":"2025-05-24T17:45:00.438Z"}
{"level":"info","message":"Audit logged: POST / - 500","timestamp":"2025-05-24T17:45:00.732Z"}
{"level":"info","message":"Audit logged: POST /register - 201","timestamp":"2025-05-24T18:08:09.969Z"}
{"level":"info","message":"Audit logged: POST /login - 200","timestamp":"2025-05-24T18:08:24.749Z"}
{"level":"info","message":"Asset 4 created at Base Alpha by user undefined","timestamp":"2025-05-24T18:08:43.548Z"}
{"level":"info","message":"Audit logged: POST / - 201","timestamp":"2025-05-24T18:08:43.784Z"}
{"level":"info","message":"Audit logged: GET / - 200","timestamp":"2025-05-24T18:10:36.632Z"}
{"level":"info","message":"Audit logged: POST /login - 200","timestamp":"2025-05-24T19:44:57.846Z"}
{"level":"info","message":"Audit logged: GET / - 200","timestamp":"2025-05-24T19:45:51.817Z"}
{"level":"info","message":"Audit logged: GET /2 - 403","timestamp":"2025-05-24T19:46:21.673Z"}
{"level":"info","message":"Audit logged: GET /1 - 403","timestamp":"2025-05-24T19:46:25.964Z"}
{"level":"info","message":"Audit logged: POST /register - 201","timestamp":"2025-05-24T19:48:56.331Z"}
{"level":"info","message":"Audit logged: POST /login - 200","timestamp":"2025-05-24T19:49:58.862Z"}
{"level":"info","message":"Audit logged: GET /1 - 403","timestamp":"2025-05-24T19:50:21.785Z"}
{"level":"info","message":"Audit logged: POST /login - 200","timestamp":"2025-05-24T19:54:43.291Z"}
{"level":"info","message":"Audit logged: GET /1 - 200","timestamp":"2025-05-24T19:55:04.675Z"}
{"level":"info","message":"Audit logged: GET /1 - 200","timestamp":"2025-05-24T19:55:26.681Z"}
{"level":"info","message":"Audit logged: GET /2 - 200","timestamp":"2025-05-24T19:55:44.715Z"}
{"level":"info","message":"Audit logged: PATCH /2 - 403","timestamp":"2025-05-24T19:57:41.016Z"}
{"level":"info","message":"Audit logged: PATCH /2 - 403","timestamp":"2025-05-24T19:58:44.333Z"}
{"level":"info","message":"Audit logged: POST /login - 200","timestamp":"2025-05-24T19:58:56.813Z"}
{"level":"info","message":"Audit logged: PATCH /2 - 403","timestamp":"2025-05-24T19:59:21.656Z"}
{"level":"info","message":"Audit logged: PATCH /2 - 403","timestamp":"2025-05-24T20:00:19.923Z"}
{"level":"info","message":"Audit logged: POST /login - 200","timestamp":"2025-05-24T20:02:24.027Z"}
{"level":"info","message":"Audit logged: PATCH /2 - 403","timestamp":"2025-05-24T20:02:39.736Z"}
{"level":"info","message":"Audit logged: POST /login - 200","timestamp":"2025-05-24T20:04:30.113Z"}
{"level":"info","message":"Audit logged: PATCH /2 - 403","timestamp":"2025-05-24T20:04:45.650Z"}
{"level":"info","message":"Audit logged: POST /login - 200","timestamp":"2025-05-24T20:07:13.132Z"}
{"level":"error","message":"Asset update error: AssetService.updateBalances is not a function","timestamp":"2025-05-24T20:07:26.399Z"}
{"level":"info","message":"Audit logged: PATCH /2 - 400","timestamp":"2025-05-24T20:07:26.632Z"}
{"level":"info","message":"Audit logged: POST /login - 500","timestamp":"2025-05-24T20:12:01.512Z"}
{"level":"info","message":"Audit logged: POST /login - 200","timestamp":"2025-05-24T20:12:05.349Z"}
{"level":"error","message":"Asset update error: AssetService.updateBalances is not a function","timestamp":"2025-05-24T20:12:20.585Z"}
{"level":"info","message":"Audit logged: PATCH /2 - 400","timestamp":"2025-05-24T20:12:20.817Z"}
{"level":"info","message":"Audit logged: POST /login - 200","timestamp":"2025-05-24T20:16:20.016Z"}
{"level":"info","message":"Audit logged: PATCH /2 - 200","timestamp":"2025-05-24T20:16:31.590Z"}
{"level":"info","message":"Audit logged: POST / - 403","timestamp":"2025-05-24T20:19:54.228Z"}
{"level":"info","message":"Audit logged: GET / - 403","timestamp":"2025-05-24T20:20:18.806Z"}
{"level":"info","message":"Audit logged: POST /login - 200","timestamp":"2025-05-24T20:22:05.160Z"}
{"level":"info","message":"Audit logged: POST / - 400","timestamp":"2025-05-24T20:22:19.828Z"}
{"level":"info","message":"Audit logged: POST /login - 200","timestamp":"2025-05-24T20:30:14.360Z"}
{"level":"info","message":"Audit logged: POST / - 400","timestamp":"2025-05-24T20:31:17.731Z"}
{"level":"info","message":"Audit logged: POST /login - 200","timestamp":"2025-05-24T20:37:39.024Z"}
{"level":"info","message":"Audit logged: POST / - 201","timestamp":"2025-05-24T20:37:53.381Z"}
{"level":"info","message":"Audit logged: GET / - 200","timestamp":"2025-05-24T20:38:34.520Z"}
{"level":"info","message":"Audit logged: GET / - 200","timestamp":"2025-05-24T20:39:27.306Z"}
{"level":"info","message":"Audit logged: GET / - 200","timestamp":"2025-05-24T20:40:00.219Z"}
{"level":"info","message":"Audit logged: GET / - 200","timestamp":"2025-05-24T20:40:34.743Z"}
{"level":"info","message":"Audit logged: POST / - 403","timestamp":"2025-05-24T20:44:18.248Z"}
{"level":"info","message":"Audit logged: POST /login - 200","timestamp":"2025-05-24T20:45:28.716Z"}
{"level":"info","message":"Audit logged: POST / - 400","timestamp":"2025-05-24T20:45:43.957Z"}
{"level":"info","message":"Audit logged: POST /login - 200","timestamp":"2025-05-24T20:50:49.055Z"}
{"level":"info","message":"Audit logged: POST / - 400","timestamp":"2025-05-24T20:51:05.320Z"}
{"level":"info","message":"Audit logged: POST /login - 200","timestamp":"2025-05-24T20:53:05.770Z"}
{"level":"info","message":"Audit logged: POST / - 400","timestamp":"2025-05-24T20:53:21.200Z"}
{"level":"info","message":"Audit logged: POST /login - 200","timestamp":"2025-05-24T20:58:09.391Z"}
{"level":"info","message":"Audit logged: POST / - 201","timestamp":"2025-05-24T20:58:28.703Z"}
{"level":"info","message":"Audit logged: GET /api/transfer - 404","timestamp":"2025-05-24T20:59:03.453Z"}
{"level":"info","message":"Audit logged: POST /login - 200","timestamp":"2025-05-24T21:01:33.928Z"}
{"level":"info","message":"Audit logged: GET / - 500","timestamp":"2025-05-24T21:01:46.834Z"}
{"level":"info","message":"Audit logged: POST /login - 200","timestamp":"2025-05-24T21:07:21.352Z"}
{"level":"info","message":"Audit logged: GET / - 200","timestamp":"2025-05-24T21:07:36.138Z"}
{"level":"info","message":"Audit logged: POST / - 403","timestamp":"2025-05-24T21:12:50.230Z"}
{"level":"info","message":"Audit logged: POST /login - 200","timestamp":"2025-05-24T21:13:30.623Z"}
{"level":"info","message":"Audit logged: POST / - 400","timestamp":"2025-05-24T21:13:41.097Z"}
{"level":"info","message":"Audit logged: POST /login - 200","timestamp":"2025-05-24T21:16:35.701Z"}
{"level":"info","message":"Audit logged: POST / - 400","timestamp":"2025-05-24T21:16:46.584Z"}
{"level":"info","message":"Audit logged: POST /login - 200","timestamp":"2025-05-24T21:19:05.285Z"}
{"level":"info","message":"Audit logged: POST / - 400","timestamp":"2025-05-24T21:19:14.045Z"}
{"level":"info","message":"Audit logged: POST / - 400","timestamp":"2025-05-24T21:20:13.281Z"}
{"level":"info","message":"Audit logged: POST /login - 200","timestamp":"2025-05-24T21:21:01.161Z"}
{"level":"info","message":"Audit logged: POST / - 400","timestamp":"2025-05-24T21:21:10.297Z"}
{"level":"info","message":"Audit logged: POST /login - 200","timestamp":"2025-05-24T21:21:39.146Z"}
{"level":"info","message":"Audit logged: POST / - 400","timestamp":"2025-05-24T21:21:48.605Z"}
{"level":"info","message":"Audit logged: POST / - 400","timestamp":"2025-05-24T21:22:08.698Z"}
{"level":"info","message":"Audit logged: POST /login - 200","timestamp":"2025-05-24T21:23:55.269Z"}
{"level":"info","message":"Audit logged: POST / - 400","timestamp":"2025-05-24T21:24:04.295Z"}
{"level":"info","message":"Audit logged: POST /login - 200","timestamp":"2025-05-24T21:30:46.931Z"}
{"level":"info","message":"Audit logged: POST / - 201","timestamp":"2025-05-24T21:31:00.675Z"}
{"level":"info","message":"Audit logged: GET / - 200","timestamp":"2025-05-24T21:31:19.812Z"}
{"level":"info","message":"Audit logged: PATCH /:2/expend - 500","timestamp":"2025-05-24T21:32:34.635Z"}
{"level":"info","message":"Audit logged: PATCH /2/expend - 200","timestamp":"2025-05-24T21:32:42.983Z"}
{"level":"info","message":"Audit logged: GET /metrics - 500","timestamp":"2025-05-24T21:34:44.533Z"}
{"level":"info","message":"Audit logged: POST /login - 200","timestamp":"2025-05-24T21:40:12.446Z"}
{"level":"info","message":"Audit logged: GET /metrics - 200","timestamp":"2025-05-24T21:40:29.086Z"}
{"level":"info","message":"Audit logged: GET /metrics - 200","timestamp":"2025-05-24T21:57:26.741Z"}
{"level":"info","message":"Audit logged: POST /login - 200","timestamp":"2025-05-25T07:39:17.597Z"}
{"level":"info","message":"Audit logged: GET /metrics - 200","timestamp":"2025-05-25T07:40:11.505Z"}
